make[1]: Entering directory '/home/project/corpora/SI-IUS/siius'
java -jar /usr/share/java/saxon-he-10.2.jar id=CPZ1906 -xsl:bin/siius2tei.xsl DARIAH/cpz/CPZ.xml > CLARIN/CPZ1906.xml
java -jar /usr/share/java/saxon-he-10.2.jar id=ODZ1928 -xsl:bin/siius2tei.xsl DARIAH/odz/ODZ.xml > CLARIN/ODZ1928.xml
java -jar /usr/share/java/saxon-he-10.2.jar id=SlP1917 -xsl:bin/siius2tei.xsl DARIAH/slovenskipravnik1917/SlPr1917.xml > CLARIN/SlP1917.xml
java -jar /usr/share/java/saxon-he-10.2.jar id=SlP1920 -xsl:bin/siius2tei.xsl DARIAH/slovenskipravnik1920/SlPr1920.xml > CLARIN/SlP1920.xml
java -jar /usr/share/java/saxon-he-10.2.jar id=UsV1910 -xsl:bin/siius2tei.xsl DARIAH/ustvol/UstVol.xml > CLARIN/UsV1910.xml
java -jar /usr/share/java/saxon-he-10.2.jar id=ZKP1890 -xsl:bin/siius2tei.xsl DARIAH/zkp1890/ZKP.xml > CLARIN/ZKP1890.xml
java -jar /usr/share/java/saxon-he-10.2.jar id=ZKP1929 -xsl:bin/siius2tei.xsl DARIAH/zkp1929/ZKP1929.xml > CLARIN/ZKP1929.xml
java -jar /usr/share/java/jing.jar Schema/tei_ius.rng CLARIN/*.xml
java -jar /usr/share/java/saxon-he-10.2.jar -xsl:bin/siius2crp.xsl CLARIN/CPZ1906.xml > CLARIN/CPZ1906.crp.xml
java -jar /usr/share/java/saxon-he-10.2.jar -xsl:bin/siius2crp.xsl CLARIN/ODZ1928.xml > CLARIN/ODZ1928.crp.xml
java -jar /usr/share/java/saxon-he-10.2.jar -xsl:bin/siius2crp.xsl CLARIN/SlP1917.xml > CLARIN/SlP1917.crp.xml
java -jar /usr/share/java/saxon-he-10.2.jar -xsl:bin/siius2crp.xsl CLARIN/SlP1920.xml > CLARIN/SlP1920.crp.xml
java -jar /usr/share/java/saxon-he-10.2.jar -xsl:bin/siius2crp.xsl CLARIN/UsV1910.xml > CLARIN/UsV1910.crp.xml
java -jar /usr/share/java/saxon-he-10.2.jar -xsl:bin/siius2crp.xsl CLARIN/ZKP1890.xml > CLARIN/ZKP1890.crp.xml
java -jar /usr/share/java/saxon-he-10.2.jar -xsl:bin/siius2crp.xsl CLARIN/ZKP1929.xml > CLARIN/ZKP1929.crp.xml
java -jar /usr/share/java/jing.jar Schema/tei_ius.rng CLARIN/*.crp.xml
java -jar /usr/share/java/saxon-he-10.2.jar -xsl:bin/ana2txt.xsl CLARIN/CPZ1906.crp.xml > CLARIN/CPZ1906.txt
java -jar /usr/share/java/saxon-he-10.2.jar -xsl:bin/ana2txt.xsl CLARIN/ODZ1928.crp.xml > CLARIN/ODZ1928.txt
java -jar /usr/share/java/saxon-he-10.2.jar -xsl:bin/ana2txt.xsl CLARIN/SlP1917.crp.xml > CLARIN/SlP1917.txt
java -jar /usr/share/java/saxon-he-10.2.jar -xsl:bin/ana2txt.xsl CLARIN/SlP1920.crp.xml > CLARIN/SlP1920.txt
java -jar /usr/share/java/saxon-he-10.2.jar -xsl:bin/ana2txt.xsl CLARIN/UsV1910.crp.xml > CLARIN/UsV1910.txt
java -jar /usr/share/java/saxon-he-10.2.jar -xsl:bin/ana2txt.xsl CLARIN/ZKP1890.crp.xml > CLARIN/ZKP1890.txt
java -jar /usr/share/java/saxon-he-10.2.jar -xsl:bin/ana2txt.xsl CLARIN/ZKP1929.crp.xml > CLARIN/ZKP1929.txt
source /usr/local/classla-venv/bin/activate; /usr/local/classla-venv/bin/python bin/tag.py < CLARIN/CPZ1906.txt > CLARIN/CPZ1906.conllu
/bin/sh: 1: source: not found
2025-04-22 23:10:26 INFO: Loading these models for language: sl (Slovenian):
========================
| Processor | Package  |
------------------------
| tokenize  | standard |
| pos       | standard |
| lemma     | standard |
========================

2025-04-22 23:10:26 INFO: Use device: cpu
2025-04-22 23:10:26 INFO: Loading: tokenize
2025-04-22 23:10:26 INFO: Loading: pos
2025-04-22 23:11:56 INFO: Loading: lemma
2025-04-22 23:12:23 INFO: Done loading processors!
source /usr/local/classla-venv/bin/activate; /usr/local/classla-venv/bin/python bin/tag.py < CLARIN/ODZ1928.txt > CLARIN/ODZ1928.conllu
/bin/sh: 1: source: not found
2025-04-22 23:16:01 INFO: Loading these models for language: sl (Slovenian):
========================
| Processor | Package  |
------------------------
| tokenize  | standard |
| pos       | standard |
| lemma     | standard |
========================

2025-04-22 23:16:01 INFO: Use device: cpu
2025-04-22 23:16:01 INFO: Loading: tokenize
2025-04-22 23:16:01 INFO: Loading: pos
2025-04-22 23:17:27 INFO: Loading: lemma
2025-04-22 23:17:53 INFO: Done loading processors!
source /usr/local/classla-venv/bin/activate; /usr/local/classla-venv/bin/python bin/tag.py < CLARIN/SlP1917.txt > CLARIN/SlP1917.conllu
/bin/sh: 1: source: not found
2025-04-22 23:19:51 INFO: Loading these models for language: sl (Slovenian):
========================
| Processor | Package  |
------------------------
| tokenize  | standard |
| pos       | standard |
| lemma     | standard |
========================

2025-04-22 23:19:51 INFO: Use device: cpu
2025-04-22 23:19:51 INFO: Loading: tokenize
2025-04-22 23:19:51 INFO: Loading: pos
2025-04-22 23:21:17 INFO: Loading: lemma
2025-04-22 23:21:43 INFO: Done loading processors!
source /usr/local/classla-venv/bin/activate; /usr/local/classla-venv/bin/python bin/tag.py < CLARIN/SlP1920.txt > CLARIN/SlP1920.conllu
/bin/sh: 1: source: not found
2025-04-22 23:23:21 INFO: Loading these models for language: sl (Slovenian):
========================
| Processor | Package  |
------------------------
| tokenize  | standard |
| pos       | standard |
| lemma     | standard |
========================

2025-04-22 23:23:21 INFO: Use device: cpu
2025-04-22 23:23:21 INFO: Loading: tokenize
2025-04-22 23:23:21 INFO: Loading: pos
2025-04-22 23:24:45 INFO: Loading: lemma
2025-04-22 23:25:12 INFO: Done loading processors!
source /usr/local/classla-venv/bin/activate; /usr/local/classla-venv/bin/python bin/tag.py < CLARIN/UsV1910.txt > CLARIN/UsV1910.conllu
/bin/sh: 1: source: not found
2025-04-22 23:28:00 INFO: Loading these models for language: sl (Slovenian):
========================
| Processor | Package  |
------------------------
| tokenize  | standard |
| pos       | standard |
| lemma     | standard |
========================

2025-04-22 23:28:00 INFO: Use device: cpu
2025-04-22 23:28:00 INFO: Loading: tokenize
2025-04-22 23:28:00 INFO: Loading: pos
2025-04-22 23:29:25 INFO: Loading: lemma
2025-04-22 23:29:51 INFO: Done loading processors!
source /usr/local/classla-venv/bin/activate; /usr/local/classla-venv/bin/python bin/tag.py < CLARIN/ZKP1890.txt > CLARIN/ZKP1890.conllu
/bin/sh: 1: source: not found
2025-04-22 23:31:50 INFO: Loading these models for language: sl (Slovenian):
========================
| Processor | Package  |
------------------------
| tokenize  | standard |
| pos       | standard |
| lemma     | standard |
========================

2025-04-22 23:31:50 INFO: Use device: cpu
2025-04-22 23:31:50 INFO: Loading: tokenize
2025-04-22 23:31:50 INFO: Loading: pos
2025-04-22 23:33:14 INFO: Loading: lemma
2025-04-22 23:33:39 INFO: Done loading processors!
source /usr/local/classla-venv/bin/activate; /usr/local/classla-venv/bin/python bin/tag.py < CLARIN/ZKP1929.txt > CLARIN/ZKP1929.conllu
/bin/sh: 1: source: not found
2025-04-22 23:35:19 INFO: Loading these models for language: sl (Slovenian):
========================
| Processor | Package  |
------------------------
| tokenize  | standard |
| pos       | standard |
| lemma     | standard |
========================

2025-04-22 23:35:19 INFO: Use device: cpu
2025-04-22 23:35:19 INFO: Loading: tokenize
2025-04-22 23:35:19 INFO: Loading: pos
2025-04-22 23:36:44 INFO: Loading: lemma
2025-04-22 23:37:11 INFO: Done loading processors!
bin/conllu2tei.pl CLARIN/CPZ1906.conllu < CLARIN/CPZ1906.crp.xml > CLARIN/CPZ1906.ana.xml
bin/conllu2tei.pl CLARIN/ODZ1928.conllu < CLARIN/ODZ1928.crp.xml > CLARIN/ODZ1928.ana.xml
bin/conllu2tei.pl CLARIN/SlP1917.conllu < CLARIN/SlP1917.crp.xml > CLARIN/SlP1917.ana.xml
bin/conllu2tei.pl CLARIN/SlP1920.conllu < CLARIN/SlP1920.crp.xml > CLARIN/SlP1920.ana.xml
bin/conllu2tei.pl CLARIN/UsV1910.conllu < CLARIN/UsV1910.crp.xml > CLARIN/UsV1910.ana.xml
bin/conllu2tei.pl CLARIN/ZKP1890.conllu < CLARIN/ZKP1890.crp.xml > CLARIN/ZKP1890.ana.xml
bin/conllu2tei.pl CLARIN/ZKP1929.conllu < CLARIN/ZKP1929.crp.xml > CLARIN/ZKP1929.ana.xml
java -jar /usr/share/java/jing.jar Schema/tei_ius.rng CLARIN/*.ana.xml
java -jar /usr/share/java/saxon-he-10.2.jar -xsl:bin/check-links.xsl CLARIN/CPZ1906.ana.xml
Error on line 1 column 50 of msd-fslib-sl.xml:
  SXXP0003  Error reported by XML parser: White spaces are required between publicId and systemId.
org.xml.sax.SAXParseException; systemId: http://nl.ijs.si/ME/V6/msd/tables/msd-fslib-sl.xml; lineNumber: 1; columnNumber: 50; White spaces are required between publicId and systemId.
make[1]: [Makefile:52: val-ana] Error 2 (ignored)
java -jar /usr/share/java/saxon-he-10.2.jar -xsl:bin/check-links.xsl CLARIN/ODZ1928.ana.xml
Error on line 1 column 50 of msd-fslib-sl.xml:
  SXXP0003  Error reported by XML parser: White spaces are required between publicId and systemId.
org.xml.sax.SAXParseException; systemId: http://nl.ijs.si/ME/V6/msd/tables/msd-fslib-sl.xml; lineNumber: 1; columnNumber: 50; White spaces are required between publicId and systemId.
make[1]: [Makefile:53: val-ana] Error 2 (ignored)
java -jar /usr/share/java/saxon-he-10.2.jar -xsl:bin/check-links.xsl CLARIN/SlP1917.ana.xml
Error on line 1 column 50 of msd-fslib-sl.xml:
  SXXP0003  Error reported by XML parser: White spaces are required between publicId and systemId.
org.xml.sax.SAXParseException; systemId: http://nl.ijs.si/ME/V6/msd/tables/msd-fslib-sl.xml; lineNumber: 1; columnNumber: 50; White spaces are required between publicId and systemId.
make[1]: [Makefile:54: val-ana] Error 2 (ignored)
java -jar /usr/share/java/saxon-he-10.2.jar -xsl:bin/check-links.xsl CLARIN/SlP1920.ana.xml
Error on line 1 column 50 of msd-fslib-sl.xml:
  SXXP0003  Error reported by XML parser: White spaces are required between publicId and systemId.
org.xml.sax.SAXParseException; systemId: http://nl.ijs.si/ME/V6/msd/tables/msd-fslib-sl.xml; lineNumber: 1; columnNumber: 50; White spaces are required between publicId and systemId.
make[1]: [Makefile:55: val-ana] Error 2 (ignored)
java -jar /usr/share/java/saxon-he-10.2.jar -xsl:bin/check-links.xsl CLARIN/UsV1910.ana.xml
Error on line 1 column 50 of msd-fslib-sl.xml:
  SXXP0003  Error reported by XML parser: White spaces are required between publicId and systemId.
org.xml.sax.SAXParseException; systemId: http://nl.ijs.si/ME/V6/msd/tables/msd-fslib-sl.xml; lineNumber: 1; columnNumber: 50; White spaces are required between publicId and systemId.
make[1]: [Makefile:56: val-ana] Error 2 (ignored)
java -jar /usr/share/java/saxon-he-10.2.jar -xsl:bin/check-links.xsl CLARIN/ZKP1890.ana.xml
Error on line 1 column 50 of msd-fslib-sl.xml:
  SXXP0003  Error reported by XML parser: White spaces are required between publicId and systemId.
org.xml.sax.SAXParseException; systemId: http://nl.ijs.si/ME/V6/msd/tables/msd-fslib-sl.xml; lineNumber: 1; columnNumber: 50; White spaces are required between publicId and systemId.
make[1]: [Makefile:57: val-ana] Error 2 (ignored)
java -jar /usr/share/java/saxon-he-10.2.jar -xsl:bin/check-links.xsl CLARIN/ZKP1929.ana.xml
Error on line 1 column 50 of msd-fslib-sl.xml:
  SXXP0003  Error reported by XML parser: White spaces are required between publicId and systemId.
org.xml.sax.SAXParseException; systemId: http://nl.ijs.si/ME/V6/msd/tables/msd-fslib-sl.xml; lineNumber: 1; columnNumber: 50; White spaces are required between publicId and systemId.
make[1]: [Makefile:58: val-ana] Error 2 (ignored)
java -jar /usr/share/java/saxon-he-10.2.jar -xsl:bin/siius2vert.xsl CLARIN/CPZ1906.ana.xml | bin/polish-ud.pl > CLARIN/CPZ1906.vert
java -jar /usr/share/java/saxon-he-10.2.jar -xsl:bin/siius2vert.xsl CLARIN/ODZ1928.ana.xml | bin/polish-ud.pl > CLARIN/ODZ1928.vert
java -jar /usr/share/java/saxon-he-10.2.jar -xsl:bin/siius2vert.xsl CLARIN/SlP1917.ana.xml | bin/polish-ud.pl > CLARIN/SlP1917.vert
java -jar /usr/share/java/saxon-he-10.2.jar -xsl:bin/siius2vert.xsl CLARIN/SlP1920.ana.xml | bin/polish-ud.pl > CLARIN/SlP1920.vert
java -jar /usr/share/java/saxon-he-10.2.jar -xsl:bin/siius2vert.xsl CLARIN/UsV1910.ana.xml | bin/polish-ud.pl > CLARIN/UsV1910.vert
java -jar /usr/share/java/saxon-he-10.2.jar -xsl:bin/siius2vert.xsl CLARIN/ZKP1890.ana.xml | bin/polish-ud.pl > CLARIN/ZKP1890.vert
java -jar /usr/share/java/saxon-he-10.2.jar -xsl:bin/siius2vert.xsl CLARIN/ZKP1929.ana.xml | bin/polish-ud.pl > CLARIN/ZKP1929.vert
cat CLARIN/*.vert > /project/corpora/SI-IUS/CQP//siius.vert
rm -f /project/corpora/SI-IUS/CQP//siius.vert.gz
gzip /project/corpora/SI-IUS/CQP//siius.vert
cd Master; make pack
make[2]: Entering directory '/home/project/corpora/SI-IUS/siius/Master'
rm -fr SI-IUS.TEI/*
mkdir -p SI-IUS.TEI/Schema
cp Docs/README.TEI.txt SI-IUS.TEI/00README.txt
cp ../CLARIN/???????.xml SI-IUS.TEI
cp ../Schema/tei_ius* SI-IUS.TEI.ana/Schema
cp: target 'SI-IUS.TEI.ana/Schema': No such file or directory
make[2]: *** [Makefile:9: pack] Error 1
make[2]: Leaving directory '/home/project/corpora/SI-IUS/siius/Master'
make[1]: *** [Makefile:29: pack] Error 2
make[1]: Leaving directory '/home/project/corpora/SI-IUS/siius'
Command exited with non-zero status 2
4227.87user 333.30system 29:50.59elapsed 254%CPU (0avgtext+0avgdata 14665760maxresident)k
2430120inputs+503216outputs (2major+57365692minor)pagefaults 0swaps
